<?xml version="1.0" encoding="UTF-8"?>
<testng-results skipped="0" failed="1" ignored="0" total="1" passed="0">
  <reporter-output>
  </reporter-output>
  <suite name="Default suite" duration-ms="280416" started-at="2023-03-03T16:03:17 IST" finished-at="2023-03-03T16:07:58 IST">
    <groups>
    </groups>
    <test name="Default test" duration-ms="280416" started-at="2023-03-03T16:03:17 IST" finished-at="2023-03-03T16:07:58 IST">
      <class name="testcase.TC002_UpdateExsistingIncident">
        <test-method status="PASS" signature="setup()[pri:0, instance:testcase.TC002_UpdateExsistingIncident@3d0f8e03]" name="setup" is-config="true" duration-ms="23" started-at="2023-03-03T16:03:17 IST" finished-at="2023-03-03T16:03:17 IST">
          <reporter-output>
          </reporter-output>
        </test-method> <!-- setup -->
        <test-method status="PASS" signature="launchBrowser()[pri:0, instance:testcase.TC002_UpdateExsistingIncident@3d0f8e03]" name="launchBrowser" is-config="true" duration-ms="20379" started-at="2023-03-03T16:03:20 IST" finished-at="2023-03-03T16:03:40 IST">
          <reporter-output>
          </reporter-output>
        </test-method> <!-- launchBrowser -->
        <test-method status="FAIL" signature="createIncident(java.lang.String,java.lang.String)[pri:0, instance:testcase.TC002_UpdateExsistingIncident@3d0f8e03]" name="createIncident" duration-ms="257499" started-at="2023-03-03T16:03:40 IST" data-provider="ReadExcel" finished-at="2023-03-03T16:07:57 IST">
          <params>
            <param index="0">
              <value>
                <![CDATA[admin]]>
              </value>
            </param>
            <param index="1">
              <value>
                <![CDATA[Leema.1803]]>
              </value>
            </param>
          </params>
          <exception class="org.openqa.selenium.TimeoutException">
            <message>
              <![CDATA[java.util.concurrent.TimeoutException
Build info: version: '4.0.0', revision: '3a21814679'
System info: host: 'DESKTOP-RFGG51U', ip: '192.168.1.5', os.name: 'Windows 10', os.arch: 'amd64', os.version: '10.0', java.version: '1.8.0_271'
Driver info: org.openqa.selenium.chrome.ChromeDriver
Command: [9fb6da6ed688fe36de0ce7bdf2668e63, executeScript {script=var getShadowElement = function getShadowElement(object,selector) {if (object.shadowRoot !=null) {return object.shadowRoot.querySelector(selector);} else {return null;}};var getAllShadowElement = function getAllShadowElement(object,selector) {return object.shadowRoot.querySelectorAll(selector);};var getAttribute = function getAttribute(object,attribute) {return object.getAttribute(attribute);};var isVisible = function isVisible(object) {var visible = object.offsetWidth;if(visible>0) {return true;} else {return false;}};var scrollTo = function scrollTo(object) {object.scrollIntoView({block: "center", inline: "nearest"});};var getParentElement = function getParentElement(object) {if(object.parentNode.nodeName=="#document-fragment") {return object.parentNode.host;} else if(object.nodeName=="#document-fragment") {return object.host;} else {return object.parentElement;}};var getChildElements = function getChildElements(object) {elements = null;if(object.nodeName=="#document-fragment") {elements = object.children;} else {elements = object.children;}if (object.shadowRoot!=null && elements.length==0){elements = object.shadowRoot.children;}return elements;};var getSiblingElements = function getSiblingElements(object) {if(object.nodeName == "#document-fragment") {return object.host.children;} else {if(object.parentNode.nodeName=="#document-fragment") {return object.parentNode.children;} else {return object.parentElement.children;}}};var getSiblingElement = function getSiblingElement(object, selector) {if(object.nodeName=="#document-fragment") {return object.host.querySelector(selector);} else {if(object.parentNode.nodeName=="#document-fragment") {return object.parentNode.querySelector(selector);} else {return object.parentElement.querySelector(selector);}}};var getNextSiblingElement = function getNextSiblingElement(object) {if(object.nodeName=="#document-fragment") {return object.host.firstElementChild.nextElementSibling;} else {return object.nextElementSibling;}};var getPreviousSiblingElement = function getPreviousSiblingElement(object) {if(object.nodeName=="#document-fragment") {return null;} else {return object.previousElementSibling;}};var isChecked = function isChecked(object) {return object.checked;};var isDisabled = function isDisabled(object) {return object.disabled;};var findCheckboxWithLabel = function findCheckboxWithLabel(label, root=document) {if(root.nodeName=="PAPER-CHECKBOX") {if(root.childNodes[0].data.trimStart().trimEnd()==label) {return root;}} else {let all_checkbox = getAllObject("paper-checkbox", root);for (let checkbox of all_checkbox) {if(checkbox.childNodes[0].data.trimStart().trimEnd()==label) {return checkbox;}}}};var findRadioWithLabel = function findRadioWithLabel(label, root=document) {if(root.nodeName=="PAPER-RADIO-BUTTON") {if(root.childNodes[0].data.trimStart().trimEnd()==label) {return root;}} else {let all_radio = getAllObject("paper-radio-button", root);for (let radio of all_radio) {if(radio.childNodes[0].data.trimStart().trimEnd()==label) {return radio;}}}};var selectCheckbox = function selectCheckbox(label, root=document) {let checkbox = findCheckboxWithLabel(label, root);if(!checkbox.checked) {checbox.click();}};var selectRadio = function selectRadio(label, root=document) {let radio = findCheckboxWithLabel(label, root);if(!radio.checked) {radio.click();}};var selectDropdown = function selectDropdown(label, root=document) {if(root.nodeName=="PAPER-LISTBOX") {root.select(label);} else {let listbox = getAllObject("paper-listbox", root);listbox.select(label);}};var evaluateAllDeep = function evaluateAllDeep(selector, root) {if(root==undefined) {return collectAllElementsEvaluateDeep(selector, document);} else {return collectAllElementsEvaluateDeep(selector, root);}};var evaluateDeep = function evaluateDeep(selector, root) {if(root==undefined) {return collectElementEvaluateDeep(selector, document);} else {return collectElementEvaluateDeep(selector, root);}};var getXPathObject = function getXPathObject(selector, root = document) {while (selector.search(/\//)!= 0 && selector.search(/\//)!= -1) {    selector = selector.replace(/\//,'//');    }    while (selector.search(/\/\//)==0 && selector.search(/\/\//) != -1) {    selector = selector.replace(/\/\//,'');    }splitedSelectors = selector.split('//');webElement = root;    for (let index = 0; index < splitedSelectors.length-1; index++) {        webElement = evaluateDeep(splitedSelectors[index], webElement);        if (webElement === undefined) {            throw new ElementNotFoundException("Element with XPath "+splitedSelectors[index]+" couldn't be found.");        }    }    webElement = evaluateDeep(splitedSelectors[splitedSelectors.length-1], webElement);    return webElement;};var getXPathAllObject = function getXPathAllObject(selector, root = document) {while (selector.search(/\//)!= 0 && selector.search(/\//)!= -1) {    selector = selector.replace(/\//,'//');    }    while (selector.search(/\/\//)==0 && selector.search(/\/\//) != -1) {    selector = selector.replace(/\/\//,'');    }splitedSelectors = selector.split('//');    webElement = root;    for (let index = 0; index < splitedSelectors.length-1; index++) {        webElement = evaluateDeep(splitedSelectors[index], webElement);        if (webElement === undefined) {            return null;        }    }    webElement = evaluateAllDeep(splitedSelectors[splitedSelectors.length-1], webElement);    return webElement;};var querySelectorAllDeep = function querySelectorAllDeep(selector, root) {if(root==undefined) {return _querySelectorDeep(selector, true, document);} else {return _querySelectorDeep(selector, true, root);}};var querySelectorDeep = function querySelectorDeep(selector, root) {if(root==undefined) {return _querySelectorDeep(selector, false, document);} else {return _querySelectorDeep(selector, false, root);}};var ElementNotFoundException = function ElementNotFoundException(message = "Not found") {  this.message = message;  this.name = 'ElementNotFoundException';};var getObject = function getObject(selector, root = document) {    const multiLevelSelectors = splitByCharacterUnlessQuoted(selector, '>');    webElement = root;    for (let index = 0; index < multiLevelSelectors.length-1; index++) {        webElement = querySelectorDeep(multiLevelSelectors[index], webElement);        if (webElement === undefined) {            throw new ElementNotFoundException("Element with CSS "+multiLevelSelectors[index]+" couldn't be found.");        }    }    webElement = querySelectorDeep(multiLevelSelectors[multiLevelSelectors.length-1], webElement);    return webElement;};var getAllObject = function getAllObject(selector, root = document) {    const multiLevelSelectors = splitByCharacterUnlessQuoted(selector, '>');    webElement = root;    for (let index = 0; index < multiLevelSelectors.length-1; index++) {        webElement = querySelectorDeep(multiLevelSelectors[index], webElement);        if (webElement === undefined) {            return null;        }    }    webElement = querySelectorAllDeep(multiLevelSelectors[multiLevelSelectors.length-1], webElement);    return webElement;};function _querySelectorDeep(selector, findMany, root) {    let lightElement = root.querySelector(selector);    if (document.head.createShadowRoot || document.head.attachShadow) {        if (!findMany && lightElement) {            return lightElement;        }        const selectionsToMake = splitByCharacterUnlessQuoted(selector, ',');        return selectionsToMake.reduce((acc, minimalSelector) => {            if (!findMany && acc) {                return acc;            }            const splitSelector = splitByCharacterUnlessQuoted(minimalSelector                    .replace(/^\s+/g, '')                    .replace(/\s*([>+~]+)\s*/g, '$1'), ' ')                .filter((entry) => !!entry);            const possibleElementsIndex = splitSelector.length - 1;            const possibleElements = collectAllElementsQuerySelectorDeep(splitSelector[possibleElementsIndex], root);            const findElements = findMatchingElement(splitSelector, possibleElementsIndex, root);            if (findMany) {                acc = acc.concat(possibleElements.filter(findElements));                return acc;            } else {                acc = possibleElements.find(findElements);                return acc;            }        }, findMany ? [] : null);    } else {        if (!findMany) {            return lightElement;        } else {            return root.querySelectorAll(selector);        }    }}function findMatchingElement(splitSelector, possibleElementsIndex, root) {    return (element) => {        let position = possibleElementsIndex;        let parent = element;        let foundElement = false;        while (parent) {            const foundMatch = parent.matches(splitSelector[position]);            if (foundMatch && position === 0) {                foundElement = true;                break;            }            if (foundMatch) {                position--;            }            parent = findParentOrHost(parent, root);        }        return foundElement;    };}function splitByCharacterUnlessQuoted(selector, character) {    return selector.match(/\\?.|^$/g).reduce((p, c) => {        if (c === '"' && !p.sQuote) {            p.quote ^= 1;            p.a[p.a.length - 1] += c;        } else if (c === '\'' && !p.quote) {            p.sQuote ^= 1;            p.a[p.a.length - 1] += c;        } else if (!p.quote && !p.sQuote && c === character) {            p.a.push('');        } else {            p.a[p.a.length - 1] += c;        }        return p;    }, { a: [''] }).a;}function findParentOrHost(element, root) {    const parentNode = element.parentNode;    return (parentNode && parentNode.host && parentNode.nodeType === 11) ? parentNode.host : parentNode === root ? null : parentNode;}function collectAllElementsQuerySelectorDeep(selector = null, root) {    const allElements = [];    const findAllElements = function(nodes) {        for (let i = 0, el; el = nodes[i]; ++i) {            allElements.push(el);            if (el.shadowRoot) {                findAllElements(el.shadowRoot.querySelectorAll('*'));            }        }    };if(root.shadowRoot != null) {findAllElements(root.shadowRoot.querySelectorAll('*'));}    findAllElements(root.querySelectorAll('*'));    return selector ? allElements.filter(el => el.matches(selector)) : allElements;}function collectAllElementsEvaluateDeep(selector, root) {    var allElements = [];    while (selector.indexOf('/')==0 && selector.search('/') != -1) {    selector = selector.replace('/','');    }        allElementsInDocument = collectAllElementsQuerySelectorDeep('*', root);    const findAllElements = function(nodes) {        for (i=0; i<nodes.length; i++) {        test_node = document.createElement('test-node');        parent_node = nodes[i].parentNode;        if (parent_node != null && parent_node.nodeName != 'HTML' && parent_node.nodeName != '#document') {        cloned_node = nodes[i].cloneNode();        if (nodes[i].textContent != "") {        cloned_node.textContent = nodes[i].textContent;         }        test_node.append(cloned_node);            elements = document.evaluate(".//"+selector, test_node, null, XPathResult.ORDERED_NODE_ITERATOR_TYPE);            while ((element=elements.iterateNext()) != null) {if (!allElements.filter((value) => value == nodes[i]).length > 0) {allElements.push(nodes[i]);}                }        }        elements = document.evaluate(".//"+selector, nodes[i], null, XPathResult.ORDERED_NODE_ITERATOR_TYPE);            while ((element=elements.iterateNext()) != null) {            if (!allElements.filter((value) => value == element).length > 0) {allElements.push(element);}            }        }    };    findAllElements(allElementsInDocument);    return allElements;}function collectElementEvaluateDeep(selector, root) {    var element = null;    while (selector.indexOf('/')==0 && selector.search('/') != -1) {    selector = selector.replace('/','');    }        allElementsInDocument = collectAllElementsQuerySelectorDeep('*', root);    const findAllElements = function(nodes) {        for (i=0; i<nodes.length; i++) {        test_node = document.createElement('test-node');        parent_node = nodes[i].parentNode;        if (parent_node != null && parent_node.nodeName != 'HTML' && parent_node.nodeName != '#document') {        cloned_node = nodes[i].cloneNode();        if (nodes[i].textContent != "") {        cloned_node.textContent = nodes[i].textContent;         }        test_node.append(cloned_node);            elements = document.evaluate('.//'+selector, test_node, null, XPathResult.FIRST_ORDERED_NODE_TYPE);            value = elements.singleNodeValue;            if (value!=null) {            element = nodes[i];            break;            }        }        elements = document.evaluate('.//'+selector, nodes[i], null, XPathResult.FIRST_ORDERED_NODE_TYPE);        value = elements.singleNodeValue;        if (value!=null) {        element = elements.singleNodeValue;        break;        }        }    };    findAllElements(allElementsInDocument);    return element;}return getXPathObject("(//input[@placeholder='Search'])[1]");, args=[]}]
Capabilities {acceptInsecureCerts: false, browserName: chrome, browserVersion: 110.0.5481.178, chrome: {chromedriverVersion: 110.0.5481.77 (65ed616c6e8e..., userDataDir: C:\Users\Admin\AppData\Loca...}, goog:chromeOptions: {debuggerAddress: localhost:60173}, javascriptEnabled: true, networkConnectionEnabled: false, pageLoadStrategy: normal, platform: WINDOWS, platformName: WINDOWS, proxy: Proxy(), se:cdp: ws://localhost:60173/devtoo..., se:cdpVersion: 110.0.5481.178, setWindowRect: true, strictFileInteractability: false, timeouts: {implicit: 0, pageLoad: 300000, script: 30000}, unhandledPromptBehavior: dismiss and notify, webauthn:extension:credBlob: true, webauthn:extension:largeBlob: true, webauthn:virtualAuthenticators: true}
Session ID: 9fb6da6ed688fe36de0ce7bdf2668e63]]>
            </message>
            <full-stacktrace>
              <![CDATA[org.openqa.selenium.TimeoutException: java.util.concurrent.TimeoutException
Build info: version: '4.0.0', revision: '3a21814679'
System info: host: 'DESKTOP-RFGG51U', ip: '192.168.1.5', os.name: 'Windows 10', os.arch: 'amd64', os.version: '10.0', java.version: '1.8.0_271'
Driver info: org.openqa.selenium.chrome.ChromeDriver
Command: [9fb6da6ed688fe36de0ce7bdf2668e63, executeScript {script=var getShadowElement = function getShadowElement(object,selector) {if (object.shadowRoot !=null) {return object.shadowRoot.querySelector(selector);} else {return null;}};var getAllShadowElement = function getAllShadowElement(object,selector) {return object.shadowRoot.querySelectorAll(selector);};var getAttribute = function getAttribute(object,attribute) {return object.getAttribute(attribute);};var isVisible = function isVisible(object) {var visible = object.offsetWidth;if(visible>0) {return true;} else {return false;}};var scrollTo = function scrollTo(object) {object.scrollIntoView({block: "center", inline: "nearest"});};var getParentElement = function getParentElement(object) {if(object.parentNode.nodeName=="#document-fragment") {return object.parentNode.host;} else if(object.nodeName=="#document-fragment") {return object.host;} else {return object.parentElement;}};var getChildElements = function getChildElements(object) {elements = null;if(object.nodeName=="#document-fragment") {elements = object.children;} else {elements = object.children;}if (object.shadowRoot!=null && elements.length==0){elements = object.shadowRoot.children;}return elements;};var getSiblingElements = function getSiblingElements(object) {if(object.nodeName == "#document-fragment") {return object.host.children;} else {if(object.parentNode.nodeName=="#document-fragment") {return object.parentNode.children;} else {return object.parentElement.children;}}};var getSiblingElement = function getSiblingElement(object, selector) {if(object.nodeName=="#document-fragment") {return object.host.querySelector(selector);} else {if(object.parentNode.nodeName=="#document-fragment") {return object.parentNode.querySelector(selector);} else {return object.parentElement.querySelector(selector);}}};var getNextSiblingElement = function getNextSiblingElement(object) {if(object.nodeName=="#document-fragment") {return object.host.firstElementChild.nextElementSibling;} else {return object.nextElementSibling;}};var getPreviousSiblingElement = function getPreviousSiblingElement(object) {if(object.nodeName=="#document-fragment") {return null;} else {return object.previousElementSibling;}};var isChecked = function isChecked(object) {return object.checked;};var isDisabled = function isDisabled(object) {return object.disabled;};var findCheckboxWithLabel = function findCheckboxWithLabel(label, root=document) {if(root.nodeName=="PAPER-CHECKBOX") {if(root.childNodes[0].data.trimStart().trimEnd()==label) {return root;}} else {let all_checkbox = getAllObject("paper-checkbox", root);for (let checkbox of all_checkbox) {if(checkbox.childNodes[0].data.trimStart().trimEnd()==label) {return checkbox;}}}};var findRadioWithLabel = function findRadioWithLabel(label, root=document) {if(root.nodeName=="PAPER-RADIO-BUTTON") {if(root.childNodes[0].data.trimStart().trimEnd()==label) {return root;}} else {let all_radio = getAllObject("paper-radio-button", root);for (let radio of all_radio) {if(radio.childNodes[0].data.trimStart().trimEnd()==label) {return radio;}}}};var selectCheckbox = function selectCheckbox(label, root=document) {let checkbox = findCheckboxWithLabel(label, root);if(!checkbox.checked) {checbox.click();}};var selectRadio = function selectRadio(label, root=document) {let radio = findCheckboxWithLabel(label, root);if(!radio.checked) {radio.click();}};var selectDropdown = function selectDropdown(label, root=document) {if(root.nodeName=="PAPER-LISTBOX") {root.select(label);} else {let listbox = getAllObject("paper-listbox", root);listbox.select(label);}};var evaluateAllDeep = function evaluateAllDeep(selector, root) {if(root==undefined) {return collectAllElementsEvaluateDeep(selector, document);} else {return collectAllElementsEvaluateDeep(selector, root);}};var evaluateDeep = function evaluateDeep(selector, root) {if(root==undefined) {return collectElementEvaluateDeep(selector, document);} else {return collectElementEvaluateDeep(selector, root);}};var getXPathObject = function getXPathObject(selector, root = document) {while (selector.search(/\//)!= 0 && selector.search(/\//)!= -1) {    selector = selector.replace(/\//,'//');    }    while (selector.search(/\/\//)==0 && selector.search(/\/\//) != -1) {    selector = selector.replace(/\/\//,'');    }splitedSelectors = selector.split('//');webElement = root;    for (let index = 0; index < splitedSelectors.length-1; index++) {        webElement = evaluateDeep(splitedSelectors[index], webElement);        if (webElement === undefined) {            throw new ElementNotFoundException("Element with XPath "+splitedSelectors[index]+" couldn't be found.");        }    }    webElement = evaluateDeep(splitedSelectors[splitedSelectors.length-1], webElement);    return webElement;};var getXPathAllObject = function getXPathAllObject(selector, root = document) {while (selector.search(/\//)!= 0 && selector.search(/\//)!= -1) {    selector = selector.replace(/\//,'//');    }    while (selector.search(/\/\//)==0 && selector.search(/\/\//) != -1) {    selector = selector.replace(/\/\//,'');    }splitedSelectors = selector.split('//');    webElement = root;    for (let index = 0; index < splitedSelectors.length-1; index++) {        webElement = evaluateDeep(splitedSelectors[index], webElement);        if (webElement === undefined) {            return null;        }    }    webElement = evaluateAllDeep(splitedSelectors[splitedSelectors.length-1], webElement);    return webElement;};var querySelectorAllDeep = function querySelectorAllDeep(selector, root) {if(root==undefined) {return _querySelectorDeep(selector, true, document);} else {return _querySelectorDeep(selector, true, root);}};var querySelectorDeep = function querySelectorDeep(selector, root) {if(root==undefined) {return _querySelectorDeep(selector, false, document);} else {return _querySelectorDeep(selector, false, root);}};var ElementNotFoundException = function ElementNotFoundException(message = "Not found") {  this.message = message;  this.name = 'ElementNotFoundException';};var getObject = function getObject(selector, root = document) {    const multiLevelSelectors = splitByCharacterUnlessQuoted(selector, '>');    webElement = root;    for (let index = 0; index < multiLevelSelectors.length-1; index++) {        webElement = querySelectorDeep(multiLevelSelectors[index], webElement);        if (webElement === undefined) {            throw new ElementNotFoundException("Element with CSS "+multiLevelSelectors[index]+" couldn't be found.");        }    }    webElement = querySelectorDeep(multiLevelSelectors[multiLevelSelectors.length-1], webElement);    return webElement;};var getAllObject = function getAllObject(selector, root = document) {    const multiLevelSelectors = splitByCharacterUnlessQuoted(selector, '>');    webElement = root;    for (let index = 0; index < multiLevelSelectors.length-1; index++) {        webElement = querySelectorDeep(multiLevelSelectors[index], webElement);        if (webElement === undefined) {            return null;        }    }    webElement = querySelectorAllDeep(multiLevelSelectors[multiLevelSelectors.length-1], webElement);    return webElement;};function _querySelectorDeep(selector, findMany, root) {    let lightElement = root.querySelector(selector);    if (document.head.createShadowRoot || document.head.attachShadow) {        if (!findMany && lightElement) {            return lightElement;        }        const selectionsToMake = splitByCharacterUnlessQuoted(selector, ',');        return selectionsToMake.reduce((acc, minimalSelector) => {            if (!findMany && acc) {                return acc;            }            const splitSelector = splitByCharacterUnlessQuoted(minimalSelector                    .replace(/^\s+/g, '')                    .replace(/\s*([>+~]+)\s*/g, '$1'), ' ')                .filter((entry) => !!entry);            const possibleElementsIndex = splitSelector.length - 1;            const possibleElements = collectAllElementsQuerySelectorDeep(splitSelector[possibleElementsIndex], root);            const findElements = findMatchingElement(splitSelector, possibleElementsIndex, root);            if (findMany) {                acc = acc.concat(possibleElements.filter(findElements));                return acc;            } else {                acc = possibleElements.find(findElements);                return acc;            }        }, findMany ? [] : null);    } else {        if (!findMany) {            return lightElement;        } else {            return root.querySelectorAll(selector);        }    }}function findMatchingElement(splitSelector, possibleElementsIndex, root) {    return (element) => {        let position = possibleElementsIndex;        let parent = element;        let foundElement = false;        while (parent) {            const foundMatch = parent.matches(splitSelector[position]);            if (foundMatch && position === 0) {                foundElement = true;                break;            }            if (foundMatch) {                position--;            }            parent = findParentOrHost(parent, root);        }        return foundElement;    };}function splitByCharacterUnlessQuoted(selector, character) {    return selector.match(/\\?.|^$/g).reduce((p, c) => {        if (c === '"' && !p.sQuote) {            p.quote ^= 1;            p.a[p.a.length - 1] += c;        } else if (c === '\'' && !p.quote) {            p.sQuote ^= 1;            p.a[p.a.length - 1] += c;        } else if (!p.quote && !p.sQuote && c === character) {            p.a.push('');        } else {            p.a[p.a.length - 1] += c;        }        return p;    }, { a: [''] }).a;}function findParentOrHost(element, root) {    const parentNode = element.parentNode;    return (parentNode && parentNode.host && parentNode.nodeType === 11) ? parentNode.host : parentNode === root ? null : parentNode;}function collectAllElementsQuerySelectorDeep(selector = null, root) {    const allElements = [];    const findAllElements = function(nodes) {        for (let i = 0, el; el = nodes[i]; ++i) {            allElements.push(el);            if (el.shadowRoot) {                findAllElements(el.shadowRoot.querySelectorAll('*'));            }        }    };if(root.shadowRoot != null) {findAllElements(root.shadowRoot.querySelectorAll('*'));}    findAllElements(root.querySelectorAll('*'));    return selector ? allElements.filter(el => el.matches(selector)) : allElements;}function collectAllElementsEvaluateDeep(selector, root) {    var allElements = [];    while (selector.indexOf('/')==0 && selector.search('/') != -1) {    selector = selector.replace('/','');    }        allElementsInDocument = collectAllElementsQuerySelectorDeep('*', root);    const findAllElements = function(nodes) {        for (i=0; i<nodes.length; i++) {        test_node = document.createElement('test-node');        parent_node = nodes[i].parentNode;        if (parent_node != null && parent_node.nodeName != 'HTML' && parent_node.nodeName != '#document') {        cloned_node = nodes[i].cloneNode();        if (nodes[i].textContent != "") {        cloned_node.textContent = nodes[i].textContent;         }        test_node.append(cloned_node);            elements = document.evaluate(".//"+selector, test_node, null, XPathResult.ORDERED_NODE_ITERATOR_TYPE);            while ((element=elements.iterateNext()) != null) {if (!allElements.filter((value) => value == nodes[i]).length > 0) {allElements.push(nodes[i]);}                }        }        elements = document.evaluate(".//"+selector, nodes[i], null, XPathResult.ORDERED_NODE_ITERATOR_TYPE);            while ((element=elements.iterateNext()) != null) {            if (!allElements.filter((value) => value == element).length > 0) {allElements.push(element);}            }        }    };    findAllElements(allElementsInDocument);    return allElements;}function collectElementEvaluateDeep(selector, root) {    var element = null;    while (selector.indexOf('/')==0 && selector.search('/') != -1) {    selector = selector.replace('/','');    }        allElementsInDocument = collectAllElementsQuerySelectorDeep('*', root);    const findAllElements = function(nodes) {        for (i=0; i<nodes.length; i++) {        test_node = document.createElement('test-node');        parent_node = nodes[i].parentNode;        if (parent_node != null && parent_node.nodeName != 'HTML' && parent_node.nodeName != '#document') {        cloned_node = nodes[i].cloneNode();        if (nodes[i].textContent != "") {        cloned_node.textContent = nodes[i].textContent;         }        test_node.append(cloned_node);            elements = document.evaluate('.//'+selector, test_node, null, XPathResult.FIRST_ORDERED_NODE_TYPE);            value = elements.singleNodeValue;            if (value!=null) {            element = nodes[i];            break;            }        }        elements = document.evaluate('.//'+selector, nodes[i], null, XPathResult.FIRST_ORDERED_NODE_TYPE);        value = elements.singleNodeValue;        if (value!=null) {        element = elements.singleNodeValue;        break;        }        }    };    findAllElements(allElementsInDocument);    return element;}return getXPathObject("(//input[@placeholder='Search'])[1]");, args=[]}]
Capabilities {acceptInsecureCerts: false, browserName: chrome, browserVersion: 110.0.5481.178, chrome: {chromedriverVersion: 110.0.5481.77 (65ed616c6e8e..., userDataDir: C:\Users\Admin\AppData\Loca...}, goog:chromeOptions: {debuggerAddress: localhost:60173}, javascriptEnabled: true, networkConnectionEnabled: false, pageLoadStrategy: normal, platform: WINDOWS, platformName: WINDOWS, proxy: Proxy(), se:cdp: ws://localhost:60173/devtoo..., se:cdpVersion: 110.0.5481.178, setWindowRect: true, strictFileInteractability: false, timeouts: {implicit: 0, pageLoad: 300000, script: 30000}, unhandledPromptBehavior: dismiss and notify, webauthn:extension:credBlob: true, webauthn:extension:largeBlob: true, webauthn:virtualAuthenticators: true}
Session ID: 9fb6da6ed688fe36de0ce7bdf2668e63
at org.openqa.selenium.remote.http.netty.NettyHttpHandler.makeCall(NettyHttpHandler.java:72)
at org.openqa.selenium.remote.http.AddSeleniumUserAgent.lambda$apply$0(AddSeleniumUserAgent.java:42)
at org.openqa.selenium.remote.http.Filter.lambda$andFinally$1(Filter.java:56)
at org.openqa.selenium.remote.http.netty.NettyHttpHandler.execute(NettyHttpHandler.java:51)
at org.openqa.selenium.remote.http.AddSeleniumUserAgent.lambda$apply$0(AddSeleniumUserAgent.java:42)
at org.openqa.selenium.remote.http.Filter.lambda$andFinally$1(Filter.java:56)
at org.openqa.selenium.remote.http.netty.NettyClient.execute(NettyClient.java:119)
at org.openqa.selenium.remote.HttpCommandExecutor.execute(HttpCommandExecutor.java:181)
at org.openqa.selenium.remote.service.DriverCommandExecutor.invokeExecute(DriverCommandExecutor.java:164)
at org.openqa.selenium.remote.service.DriverCommandExecutor.execute(DriverCommandExecutor.java:139)
at org.openqa.selenium.remote.RemoteWebDriver.execute(RemoteWebDriver.java:559)
at org.openqa.selenium.remote.RemoteWebDriver.executeScript(RemoteWebDriver.java:493)
at io.github.sukgu.Shadow.injectShadowExecuter(Shadow.java:69)
at io.github.sukgu.Shadow.executerGetObject(Shadow.java:108)
at io.github.sukgu.Shadow.elementByXPath(Shadow.java:382)
at io.github.sukgu.Shadow.lambda$findElementByXPath$0(Shadow.java:434)
at java.util.Arrays$ArrayList.forEach(Arrays.java:3880)
at io.github.sukgu.Shadow.findElementByXPath(Shadow.java:433)
at pages.IncidentsView.searchToUpdate(IncidentsView.java:29)
at testcase.TC002_UpdateExsistingIncident.createIncident(TC002_UpdateExsistingIncident.java:23)
at sun.reflect.NativeMethodAccessorImpl.invoke0(Native Method)
at sun.reflect.NativeMethodAccessorImpl.invoke(NativeMethodAccessorImpl.java:62)
at sun.reflect.DelegatingMethodAccessorImpl.invoke(DelegatingMethodAccessorImpl.java:43)
at java.lang.reflect.Method.invoke(Method.java:498)
at org.testng.internal.MethodInvocationHelper.invokeMethod(MethodInvocationHelper.java:133)
at org.testng.internal.TestInvoker.invokeMethod(TestInvoker.java:598)
at org.testng.internal.TestInvoker.invokeTestMethod(TestInvoker.java:173)
at org.testng.internal.MethodRunner.runInSequence(MethodRunner.java:46)
at org.testng.internal.TestInvoker$MethodInvocationAgent.invoke(TestInvoker.java:824)
at org.testng.internal.TestInvoker.invokeTestMethods(TestInvoker.java:146)
at org.testng.internal.TestMethodWorker.invokeTestMethods(TestMethodWorker.java:146)
at org.testng.internal.TestMethodWorker.run(TestMethodWorker.java:128)
at java.util.ArrayList.forEach(ArrayList.java:1259)
at org.testng.TestRunner.privateRun(TestRunner.java:794)
at org.testng.TestRunner.run(TestRunner.java:596)
at org.testng.SuiteRunner.runTest(SuiteRunner.java:377)
at org.testng.SuiteRunner.runSequentially(SuiteRunner.java:371)
at org.testng.SuiteRunner.privateRun(SuiteRunner.java:332)
at org.testng.SuiteRunner.run(SuiteRunner.java:276)
at org.testng.SuiteRunnerWorker.runSuite(SuiteRunnerWorker.java:53)
at org.testng.SuiteRunnerWorker.run(SuiteRunnerWorker.java:96)
at org.testng.TestNG.runSuitesSequentially(TestNG.java:1212)
at org.testng.TestNG.runSuitesLocally(TestNG.java:1134)
at org.testng.TestNG.runSuites(TestNG.java:1063)
at org.testng.TestNG.run(TestNG.java:1031)
at org.testng.remote.AbstractRemoteTestNG.run(AbstractRemoteTestNG.java:115)
at org.testng.remote.RemoteTestNG.initAndRun(RemoteTestNG.java:251)
at org.testng.remote.RemoteTestNG.main(RemoteTestNG.java:77)
Caused by: java.util.concurrent.TimeoutException
at java.util.concurrent.CompletableFuture.timedGet(CompletableFuture.java:1784)
at java.util.concurrent.CompletableFuture.get(CompletableFuture.java:1928)
at org.asynchttpclient.netty.NettyResponseFuture.get(NettyResponseFuture.java:206)
at org.openqa.selenium.remote.http.netty.NettyHttpHandler.makeCall(NettyHttpHandler.java:66)
... 47 more
]]>
            </full-stacktrace>
          </exception> <!-- org.openqa.selenium.TimeoutException -->
          <reporter-output>
          </reporter-output>
        </test-method> <!-- createIncident -->
        <test-method status="PASS" signature="closeBrowser()[pri:0, instance:testcase.TC002_UpdateExsistingIncident@3d0f8e03]" name="closeBrowser" is-config="true" duration-ms="8" started-at="2023-03-03T16:07:58 IST" finished-at="2023-03-03T16:07:58 IST">
          <reporter-output>
          </reporter-output>
        </test-method> <!-- closeBrowser -->
      </class> <!-- testcase.TC002_UpdateExsistingIncident -->
    </test> <!-- Default test -->
  </suite> <!-- Default suite -->
</testng-results>
